{"C:\\Users\\ВЛАД\\Desktop\\react\\basics-4\\films\\src\\api\\account.ts": {"path":"C:\\Users\\ВЛАД\\Desktop\\react\\basics-4\\films\\src\\api\\account.ts","statementMap":{"0":{"start":{"line":4,"column":18},"end":{"line":10,"column":3}},"1":{"start":{"line":11,"column":14},"end":{"line":11,"column":58}},"2":{"start":{"line":12,"column":2},"end":{"line":17,"column":3}},"3":{"start":{"line":13,"column":21},"end":{"line":13,"column":46}},"4":{"start":{"line":14,"column":4},"end":{"line":14,"column":33}},"5":{"start":{"line":16,"column":4},"end":{"line":16,"column":23}},"6":{"start":{"line":21,"column":18},"end":{"line":27,"column":3}},"7":{"start":{"line":28,"column":14},"end":{"line":28,"column":89}},"8":{"start":{"line":29,"column":2},"end":{"line":34,"column":3}},"9":{"start":{"line":30,"column":21},"end":{"line":30,"column":46}},"10":{"start":{"line":31,"column":4},"end":{"line":31,"column":33}},"11":{"start":{"line":33,"column":4},"end":{"line":33,"column":23}},"12":{"start":{"line":44,"column":18},"end":{"line":52,"column":3}},"13":{"start":{"line":54,"column":14},"end":{"line":54,"column":67}},"14":{"start":{"line":55,"column":2},"end":{"line":60,"column":3}},"15":{"start":{"line":56,"column":21},"end":{"line":56,"column":46}},"16":{"start":{"line":57,"column":4},"end":{"line":57,"column":33}},"17":{"start":{"line":59,"column":4},"end":{"line":59,"column":23}}},"fnMap":{"0":{"name":"getAccount","decl":{"start":{"line":3,"column":22},"end":{"line":3,"column":32}},"loc":{"start":{"line":3,"column":45},"end":{"line":18,"column":1}},"line":3},"1":{"name":"getFavourites","decl":{"start":{"line":20,"column":22},"end":{"line":20,"column":35}},"loc":{"start":{"line":20,"column":48},"end":{"line":35,"column":1}},"line":20},"2":{"name":"changeFavourite","decl":{"start":{"line":43,"column":22},"end":{"line":43,"column":37}},"loc":{"start":{"line":43,"column":71},"end":{"line":61,"column":1}},"line":43}},"branchMap":{},"s":{"0":0,"1":0,"2":0,"3":0,"4":0,"5":0,"6":0,"7":0,"8":0,"9":0,"10":0,"11":0,"12":0,"13":0,"14":0,"15":0,"16":0,"17":0},"f":{"0":0,"1":0,"2":0},"b":{},"_coverageSchema":"1a1c01bbd47fc00a2c39e90264f33305004495a9","hash":"acf262b9ba4b7969a5ae9e985cee31152de06ec0"}
,"C:\\Users\\ВЛАД\\Desktop\\react\\basics-4\\films\\src\\api\\films.ts": {"path":"C:\\Users\\ВЛАД\\Desktop\\react\\basics-4\\films\\src\\api\\films.ts","statementMap":{"0":{"start":{"line":12,"column":18},"end":{"line":18,"column":3}},"1":{"start":{"line":19,"column":14},"end":{"line":19,"column":224}},"2":{"start":{"line":21,"column":2},"end":{"line":26,"column":3}},"3":{"start":{"line":22,"column":21},"end":{"line":22,"column":46}},"4":{"start":{"line":23,"column":4},"end":{"line":23,"column":33}},"5":{"start":{"line":25,"column":4},"end":{"line":25,"column":23}},"6":{"start":{"line":30,"column":18},"end":{"line":36,"column":3}},"7":{"start":{"line":38,"column":19},"end":{"line":38,"column":76}},"8":{"start":{"line":39,"column":2},"end":{"line":45,"column":3}},"9":{"start":{"line":40,"column":21},"end":{"line":40,"column":51}},"10":{"start":{"line":41,"column":17},"end":{"line":41,"column":38}},"11":{"start":{"line":42,"column":4},"end":{"line":42,"column":16}},"12":{"start":{"line":44,"column":4},"end":{"line":44,"column":23}},"13":{"start":{"line":49,"column":18},"end":{"line":55,"column":3}},"14":{"start":{"line":57,"column":19},"end":{"line":57,"column":84}},"15":{"start":{"line":58,"column":2},"end":{"line":64,"column":3}},"16":{"start":{"line":59,"column":21},"end":{"line":59,"column":51}},"17":{"start":{"line":60,"column":17},"end":{"line":60,"column":38}},"18":{"start":{"line":61,"column":4},"end":{"line":61,"column":16}},"19":{"start":{"line":63,"column":4},"end":{"line":63,"column":23}},"20":{"start":{"line":68,"column":18},"end":{"line":74,"column":3}},"21":{"start":{"line":75,"column":19},"end":{"line":75,"column":78}},"22":{"start":{"line":76,"column":2},"end":{"line":82,"column":3}},"23":{"start":{"line":77,"column":21},"end":{"line":77,"column":51}},"24":{"start":{"line":78,"column":17},"end":{"line":78,"column":38}},"25":{"start":{"line":79,"column":4},"end":{"line":79,"column":16}},"26":{"start":{"line":81,"column":4},"end":{"line":81,"column":23}}},"fnMap":{"0":{"name":"getFilmsList","decl":{"start":{"line":11,"column":22},"end":{"line":11,"column":34}},"loc":{"start":{"line":11,"column":52},"end":{"line":27,"column":1}},"line":11},"1":{"name":"getFilmDescription","decl":{"start":{"line":29,"column":22},"end":{"line":29,"column":40}},"loc":{"start":{"line":29,"column":54},"end":{"line":46,"column":1}},"line":29},"2":{"name":"getFilmCredentionals","decl":{"start":{"line":48,"column":22},"end":{"line":48,"column":42}},"loc":{"start":{"line":48,"column":56},"end":{"line":65,"column":1}},"line":48},"3":{"name":"getGenres","decl":{"start":{"line":67,"column":22},"end":{"line":67,"column":31}},"loc":{"start":{"line":67,"column":34},"end":{"line":83,"column":1}},"line":67}},"branchMap":{},"s":{"0":0,"1":0,"2":0,"3":0,"4":0,"5":0,"6":0,"7":0,"8":0,"9":0,"10":0,"11":0,"12":0,"13":0,"14":0,"15":0,"16":0,"17":0,"18":0,"19":0,"20":1,"21":1,"22":1,"23":1,"24":0,"25":0,"26":1},"f":{"0":0,"1":0,"2":0,"3":1},"b":{},"_coverageSchema":"1a1c01bbd47fc00a2c39e90264f33305004495a9","hash":"1db81d5a07b28a772c20c2a97e856ae1a9fc430d"}
,"C:\\Users\\ВЛАД\\Desktop\\react\\basics-4\\films\\src\\api\\search.ts": {"path":"C:\\Users\\ВЛАД\\Desktop\\react\\basics-4\\films\\src\\api\\search.ts","statementMap":{"0":{"start":{"line":4,"column":18},"end":{"line":10,"column":3}},"1":{"start":{"line":11,"column":14},"end":{"line":11,"column":87}},"2":{"start":{"line":12,"column":2},"end":{"line":17,"column":3}},"3":{"start":{"line":13,"column":21},"end":{"line":13,"column":46}},"4":{"start":{"line":14,"column":4},"end":{"line":14,"column":33}},"5":{"start":{"line":16,"column":4},"end":{"line":16,"column":23}}},"fnMap":{"0":{"name":"getSearchFilms","decl":{"start":{"line":3,"column":22},"end":{"line":3,"column":36}},"loc":{"start":{"line":3,"column":52},"end":{"line":18,"column":1}},"line":3}},"branchMap":{},"s":{"0":0,"1":0,"2":0,"3":0,"4":0,"5":0},"f":{"0":0},"b":{},"_coverageSchema":"1a1c01bbd47fc00a2c39e90264f33305004495a9","hash":"73143da5830808c0c44a009a84457b3994294360"}
,"C:\\Users\\ВЛАД\\Desktop\\react\\basics-4\\films\\src\\api\\token.ts": {"path":"C:\\Users\\ВЛАД\\Desktop\\react\\basics-4\\films\\src\\api\\token.ts","statementMap":{"0":{"start":{"line":2,"column":21},"end":{"line":2,"column":234}}},"fnMap":{},"branchMap":{},"s":{"0":1},"f":{},"b":{},"_coverageSchema":"1a1c01bbd47fc00a2c39e90264f33305004495a9","hash":"39a9e6e809476ac3560a0a79675ff9e6ebd5f264"}
,"C:\\Users\\ВЛАД\\Desktop\\react\\basics-4\\films\\src\\components\\select-genres\\SelectGenres.tsx": {"path":"C:\\Users\\ВЛАД\\Desktop\\react\\basics-4\\films\\src\\components\\select-genres\\SelectGenres.tsx","statementMap":{"0":{"start":{"line":11,"column":21},"end":{"line":11,"column":39}},"1":{"start":{"line":12,"column":23},"end":{"line":12,"column":43}},"2":{"start":{"line":13,"column":19},"end":{"line":13,"column":35}},"3":{"start":{"line":15,"column":2},"end":{"line":17,"column":17}},"4":{"start":{"line":16,"column":4},"end":{"line":16,"column":28}},"5":{"start":{"line":20,"column":4},"end":{"line":20,"column":31}},"6":{"start":{"line":23,"column":2},"end":{"line":41,"column":4}}},"fnMap":{"0":{"name":"SelectGenres","decl":{"start":{"line":10,"column":24},"end":{"line":10,"column":36}},"loc":{"start":{"line":10,"column":39},"end":{"line":42,"column":1}},"line":10},"1":{"name":"(anonymous_1)","decl":{"start":{"line":15,"column":12},"end":{"line":15,"column":13}},"loc":{"start":{"line":15,"column":18},"end":{"line":17,"column":3}},"line":15},"2":{"name":"handleOnChange","decl":{"start":{"line":19,"column":11},"end":{"line":19,"column":25}},"loc":{"start":{"line":19,"column":41},"end":{"line":21,"column":3}},"line":19}},"branchMap":{},"s":{"0":1,"1":1,"2":1,"3":1,"4":1,"5":0,"6":1},"f":{"0":1,"1":1,"2":0},"b":{},"_coverageSchema":"1a1c01bbd47fc00a2c39e90264f33305004495a9","hash":"6eb8d6f022d67083f3b82788ac2f9af7454a5a26"}
,"C:\\Users\\ВЛАД\\Desktop\\react\\basics-4\\films\\src\\redux\\store.ts": {"path":"C:\\Users\\ВЛАД\\Desktop\\react\\basics-4\\films\\src\\redux\\store.ts","statementMap":{"0":{"start":{"line":8,"column":27},"end":{"line":12,"column":2}},"1":{"start":{"line":13,"column":21},"end":{"line":16,"column":2}},"2":{"start":{"line":15,"column":40},"end":{"line":15,"column":62}},"3":{"start":{"line":21,"column":30},"end":{"line":21,"column":62}},"4":{"start":{"line":21,"column":36},"end":{"line":21,"column":62}}},"fnMap":{"0":{"name":"(anonymous_0)","decl":{"start":{"line":15,"column":14},"end":{"line":15,"column":15}},"loc":{"start":{"line":15,"column":40},"end":{"line":15,"column":62}},"line":15},"1":{"name":"(anonymous_1)","decl":{"start":{"line":21,"column":30},"end":{"line":21,"column":31}},"loc":{"start":{"line":21,"column":36},"end":{"line":21,"column":62}},"line":21}},"branchMap":{},"s":{"0":1,"1":1,"2":1,"3":1,"4":1},"f":{"0":1,"1":1},"b":{},"_coverageSchema":"1a1c01bbd47fc00a2c39e90264f33305004495a9","hash":"88720f89f5e0d562d63627761690b001c85653c6"}
,"C:\\Users\\ВЛАД\\Desktop\\react\\basics-4\\films\\src\\redux\\films\\selectors.ts": {"path":"C:\\Users\\ВЛАД\\Desktop\\react\\basics-4\\films\\src\\redux\\films\\selectors.ts","statementMap":{"0":{"start":{"line":3,"column":21},"end":{"line":3,"column":54}},"1":{"start":{"line":3,"column":43},"end":{"line":3,"column":54}}},"fnMap":{"0":{"name":"(anonymous_0)","decl":{"start":{"line":3,"column":21},"end":{"line":3,"column":22}},"loc":{"start":{"line":3,"column":43},"end":{"line":3,"column":54}},"line":3}},"branchMap":{},"s":{"0":1,"1":2},"f":{"0":2},"b":{},"_coverageSchema":"1a1c01bbd47fc00a2c39e90264f33305004495a9","hash":"07cf8530383b569e671143cf7fe77df4fb38489e"}
,"C:\\Users\\ВЛАД\\Desktop\\react\\basics-4\\films\\src\\redux\\films\\slice.ts": {"path":"C:\\Users\\ВЛАД\\Desktop\\react\\basics-4\\films\\src\\redux\\films\\slice.ts","statementMap":{"0":{"start":{"line":17,"column":38},"end":{"line":23,"column":1}},"1":{"start":{"line":25,"column":19},"end":{"line":44,"column":2}},"2":{"start":{"line":30,"column":4},"end":{"line":33,"column":7}},"3":{"start":{"line":31,"column":6},"end":{"line":31,"column":35}},"4":{"start":{"line":32,"column":6},"end":{"line":32,"column":26}},"5":{"start":{"line":34,"column":4},"end":{"line":36,"column":7}},"6":{"start":{"line":35,"column":6},"end":{"line":35,"column":40}},"7":{"start":{"line":37,"column":4},"end":{"line":39,"column":7}},"8":{"start":{"line":38,"column":6},"end":{"line":38,"column":40}},"9":{"start":{"line":40,"column":4},"end":{"line":42,"column":7}},"10":{"start":{"line":41,"column":6},"end":{"line":41,"column":41}},"11":{"start":{"line":45,"column":21},"end":{"line":45,"column":39}}},"fnMap":{"0":{"name":"(anonymous_0)","decl":{"start":{"line":29,"column":17},"end":{"line":29,"column":18}},"loc":{"start":{"line":29,"column":30},"end":{"line":43,"column":3}},"line":29},"1":{"name":"(anonymous_1)","decl":{"start":{"line":30,"column":42},"end":{"line":30,"column":43}},"loc":{"start":{"line":30,"column":61},"end":{"line":33,"column":5}},"line":30},"2":{"name":"(anonymous_2)","decl":{"start":{"line":34,"column":43},"end":{"line":34,"column":44}},"loc":{"start":{"line":34,"column":62},"end":{"line":36,"column":5}},"line":34},"3":{"name":"(anonymous_3)","decl":{"start":{"line":37,"column":47},"end":{"line":37,"column":48}},"loc":{"start":{"line":37,"column":66},"end":{"line":39,"column":5}},"line":37},"4":{"name":"(anonymous_4)","decl":{"start":{"line":40,"column":48},"end":{"line":40,"column":49}},"loc":{"start":{"line":40,"column":67},"end":{"line":42,"column":5}},"line":40}},"branchMap":{},"s":{"0":1,"1":1,"2":1,"3":0,"4":0,"5":1,"6":0,"7":1,"8":0,"9":1,"10":0,"11":1},"f":{"0":1,"1":0,"2":0,"3":0,"4":0},"b":{},"_coverageSchema":"1a1c01bbd47fc00a2c39e90264f33305004495a9","hash":"8f2a867f9da55a87a8ab70d9a0b874be8440da46"}
,"C:\\Users\\ВЛАД\\Desktop\\react\\basics-4\\films\\src\\redux\\films\\thunks.ts": {"path":"C:\\Users\\ВЛАД\\Desktop\\react\\basics-4\\films\\src\\redux\\films\\thunks.ts","statementMap":{"0":{"start":{"line":14,"column":26},"end":{"line":26,"column":1}},"1":{"start":{"line":17,"column":21},"end":{"line":23,"column":6}},"2":{"start":{"line":24,"column":4},"end":{"line":24,"column":28}},"3":{"start":{"line":28,"column":27},"end":{"line":34,"column":2}},"4":{"start":{"line":29,"column":19},"end":{"line":29,"column":36}},"5":{"start":{"line":30,"column":18},"end":{"line":32,"column":4}},"6":{"start":{"line":31,"column":4},"end":{"line":31,"column":59}},"7":{"start":{"line":33,"column":2},"end":{"line":33,"column":17}},"8":{"start":{"line":36,"column":31},"end":{"line":42,"column":1}},"9":{"start":{"line":39,"column":21},"end":{"line":39,"column":44}},"10":{"start":{"line":40,"column":4},"end":{"line":40,"column":67}},"11":{"start":{"line":40,"column":58},"end":{"line":40,"column":65}},"12":{"start":{"line":44,"column":30},"end":{"line":50,"column":1}},"13":{"start":{"line":47,"column":21},"end":{"line":47,"column":60}},"14":{"start":{"line":48,"column":4},"end":{"line":48,"column":20}},"15":{"start":{"line":52,"column":32},"end":{"line":58,"column":1}},"16":{"start":{"line":55,"column":21},"end":{"line":55,"column":48}},"17":{"start":{"line":56,"column":4},"end":{"line":56,"column":28}}},"fnMap":{"0":{"name":"(anonymous_0)","decl":{"start":{"line":16,"column":2},"end":{"line":16,"column":3}},"loc":{"start":{"line":16,"column":70},"end":{"line":25,"column":3}},"line":16},"1":{"name":"(anonymous_1)","decl":{"start":{"line":28,"column":65},"end":{"line":28,"column":66}},"loc":{"start":{"line":28,"column":77},"end":{"line":34,"column":1}},"line":28},"2":{"name":"(anonymous_2)","decl":{"start":{"line":30,"column":38},"end":{"line":30,"column":39}},"loc":{"start":{"line":30,"column":78},"end":{"line":32,"column":3}},"line":30},"3":{"name":"(anonymous_3)","decl":{"start":{"line":38,"column":2},"end":{"line":38,"column":3}},"loc":{"start":{"line":38,"column":24},"end":{"line":41,"column":3}},"line":38},"4":{"name":"(anonymous_4)","decl":{"start":{"line":40,"column":32},"end":{"line":40,"column":33}},"loc":{"start":{"line":40,"column":58},"end":{"line":40,"column":65}},"line":40},"5":{"name":"(anonymous_5)","decl":{"start":{"line":46,"column":2},"end":{"line":46,"column":3}},"loc":{"start":{"line":46,"column":79},"end":{"line":49,"column":3}},"line":46},"6":{"name":"(anonymous_6)","decl":{"start":{"line":54,"column":2},"end":{"line":54,"column":3}},"loc":{"start":{"line":54,"column":27},"end":{"line":57,"column":3}},"line":54}},"branchMap":{},"s":{"0":1,"1":0,"2":0,"3":1,"4":1,"5":1,"6":0,"7":0,"8":1,"9":0,"10":0,"11":0,"12":1,"13":0,"14":0,"15":1,"16":0,"17":0},"f":{"0":0,"1":1,"2":0,"3":0,"4":0,"5":0,"6":0},"b":{},"_coverageSchema":"1a1c01bbd47fc00a2c39e90264f33305004495a9","hash":"3580deeae0863d99de394749b35f55237ed9918d"}
,"C:\\Users\\ВЛАД\\Desktop\\react\\basics-4\\films\\src\\redux\\filters\\selectors.ts": {"path":"C:\\Users\\ВЛАД\\Desktop\\react\\basics-4\\films\\src\\redux\\filters\\selectors.ts","statementMap":{"0":{"start":{"line":3,"column":23},"end":{"line":3,"column":58}},"1":{"start":{"line":3,"column":45},"end":{"line":3,"column":58}}},"fnMap":{"0":{"name":"(anonymous_0)","decl":{"start":{"line":3,"column":23},"end":{"line":3,"column":24}},"loc":{"start":{"line":3,"column":45},"end":{"line":3,"column":58}},"line":3}},"branchMap":{},"s":{"0":1,"1":2},"f":{"0":2},"b":{},"_coverageSchema":"1a1c01bbd47fc00a2c39e90264f33305004495a9","hash":"fa4d004133441343e76021600043f4686c12a2fd"}
,"C:\\Users\\ВЛАД\\Desktop\\react\\basics-4\\films\\src\\redux\\filters\\slice.ts": {"path":"C:\\Users\\ВЛАД\\Desktop\\react\\basics-4\\films\\src\\redux\\filters\\slice.ts","statementMap":{"0":{"start":{"line":3,"column":35},"end":{"line":9,"column":1}},"1":{"start":{"line":11,"column":21},"end":{"line":39,"column":2}},"2":{"start":{"line":16,"column":6},"end":{"line":16,"column":34}},"3":{"start":{"line":19,"column":6},"end":{"line":19,"column":34}},"4":{"start":{"line":20,"column":6},"end":{"line":20,"column":26}},"5":{"start":{"line":23,"column":6},"end":{"line":23,"column":36}},"6":{"start":{"line":26,"column":6},"end":{"line":26,"column":34}},"7":{"start":{"line":29,"column":6},"end":{"line":29,"column":36}},"8":{"start":{"line":32,"column":6},"end":{"line":32,"column":29}},"9":{"start":{"line":33,"column":6},"end":{"line":33,"column":32}},"10":{"start":{"line":34,"column":6},"end":{"line":34,"column":24}},"11":{"start":{"line":35,"column":6},"end":{"line":35,"column":21}},"12":{"start":{"line":36,"column":6},"end":{"line":36,"column":24}},"13":{"start":{"line":48,"column":4},"end":{"line":48,"column":24}},"14":{"start":{"line":49,"column":23},"end":{"line":49,"column":43}}},"fnMap":{"0":{"name":"(anonymous_0)","decl":{"start":{"line":15,"column":13},"end":{"line":15,"column":14}},"loc":{"start":{"line":15,"column":32},"end":{"line":17,"column":5}},"line":15},"1":{"name":"(anonymous_1)","decl":{"start":{"line":18,"column":13},"end":{"line":18,"column":14}},"loc":{"start":{"line":18,"column":32},"end":{"line":21,"column":5}},"line":18},"2":{"name":"(anonymous_2)","decl":{"start":{"line":22,"column":15},"end":{"line":22,"column":16}},"loc":{"start":{"line":22,"column":34},"end":{"line":24,"column":5}},"line":22},"3":{"name":"(anonymous_3)","decl":{"start":{"line":25,"column":13},"end":{"line":25,"column":14}},"loc":{"start":{"line":25,"column":32},"end":{"line":27,"column":5}},"line":25},"4":{"name":"(anonymous_4)","decl":{"start":{"line":28,"column":15},"end":{"line":28,"column":16}},"loc":{"start":{"line":28,"column":34},"end":{"line":30,"column":5}},"line":28},"5":{"name":"(anonymous_5)","decl":{"start":{"line":31,"column":18},"end":{"line":31,"column":19}},"loc":{"start":{"line":31,"column":29},"end":{"line":37,"column":5}},"line":31}},"branchMap":{},"s":{"0":2,"1":2,"2":0,"3":0,"4":0,"5":0,"6":0,"7":0,"8":0,"9":0,"10":0,"11":0,"12":0,"13":2,"14":2},"f":{"0":0,"1":0,"2":0,"3":0,"4":0,"5":0},"b":{},"_coverageSchema":"1a1c01bbd47fc00a2c39e90264f33305004495a9","hash":"dc05f9271675a36b580dfef210b858abbab8f674"}
,"C:\\Users\\ВЛАД\\Desktop\\react\\basics-4\\films\\src\\redux\\user\\slice.ts": {"path":"C:\\Users\\ВЛАД\\Desktop\\react\\basics-4\\films\\src\\redux\\user\\slice.ts","statementMap":{"0":{"start":{"line":4,"column":25},"end":{"line":9,"column":1}},"1":{"start":{"line":11,"column":25},"end":{"line":37,"column":2}},"2":{"start":{"line":16,"column":12},"end":{"line":16,"column":41}},"3":{"start":{"line":19,"column":12},"end":{"line":19,"column":41}},"4":{"start":{"line":22,"column":12},"end":{"line":22,"column":32}},"5":{"start":{"line":23,"column":12},"end":{"line":23,"column":37}},"6":{"start":{"line":26,"column":12},"end":{"line":26,"column":32}},"7":{"start":{"line":29,"column":12},"end":{"line":29,"column":29}},"8":{"start":{"line":30,"column":12},"end":{"line":30,"column":29}},"9":{"start":{"line":31,"column":12},"end":{"line":31,"column":33}},"10":{"start":{"line":32,"column":12},"end":{"line":32,"column":26}},"11":{"start":{"line":33,"column":12},"end":{"line":33,"column":41}},"12":{"start":{"line":34,"column":12},"end":{"line":34,"column":36}},"13":{"start":{"line":39,"column":77},"end":{"line":39,"column":94}}},"fnMap":{"0":{"name":"(anonymous_0)","decl":{"start":{"line":15,"column":21},"end":{"line":15,"column":22}},"loc":{"start":{"line":15,"column":40},"end":{"line":17,"column":9}},"line":15},"1":{"name":"(anonymous_1)","decl":{"start":{"line":18,"column":21},"end":{"line":18,"column":22}},"loc":{"start":{"line":18,"column":40},"end":{"line":20,"column":9}},"line":18},"2":{"name":"(anonymous_2)","decl":{"start":{"line":21,"column":18},"end":{"line":21,"column":19}},"loc":{"start":{"line":21,"column":37},"end":{"line":24,"column":9}},"line":21},"3":{"name":"(anonymous_3)","decl":{"start":{"line":25,"column":20},"end":{"line":25,"column":21}},"loc":{"start":{"line":25,"column":31},"end":{"line":27,"column":9}},"line":25},"4":{"name":"(anonymous_4)","decl":{"start":{"line":28,"column":19},"end":{"line":28,"column":20}},"loc":{"start":{"line":28,"column":30},"end":{"line":35,"column":9}},"line":28}},"branchMap":{"0":{"loc":{"start":{"line":8,"column":12},"end":{"line":8,"column":47}},"type":"cond-expr","locations":[{"start":{"line":8,"column":35},"end":{"line":8,"column":39}},{"start":{"line":8,"column":42},"end":{"line":8,"column":47}}],"line":8}},"s":{"0":1,"1":1,"2":0,"3":0,"4":0,"5":0,"6":0,"7":0,"8":0,"9":0,"10":0,"11":0,"12":0,"13":1},"f":{"0":0,"1":0,"2":0,"3":0,"4":0},"b":{"0":[0,1]},"_coverageSchema":"1a1c01bbd47fc00a2c39e90264f33305004495a9","hash":"19f54fa41390a37621a67e55499b96a647b86a59"}
,"C:\\Users\\ВЛАД\\Desktop\\react\\basics-4\\films\\src\\utils\\changeFavourites.ts": {"path":"C:\\Users\\ВЛАД\\Desktop\\react\\basics-4\\films\\src\\utils\\changeFavourites.ts","statementMap":{"0":{"start":{"line":5,"column":17},"end":{"line":5,"column":42}},"1":{"start":{"line":6,"column":2},"end":{"line":10,"column":5}},"2":{"start":{"line":11,"column":2},"end":{"line":11,"column":9}}},"fnMap":{"0":{"name":"changeFavourites","decl":{"start":{"line":4,"column":22},"end":{"line":4,"column":38}},"loc":{"start":{"line":4,"column":77},"end":{"line":12,"column":1}},"line":4}},"branchMap":{},"s":{"0":0,"1":0,"2":0},"f":{"0":0},"b":{},"_coverageSchema":"1a1c01bbd47fc00a2c39e90264f33305004495a9","hash":"a05fe0d77e0394fc5cc20c8bc73fc32461f829a9"}
}
