TN:
SF:src\api\account.ts
FN:3,getAccount
FN:20,getFavourites
FN:43,changeFavourite
FNF:3
FNH:0
FNDA:0,getAccount
FNDA:0,getFavourites
FNDA:0,changeFavourite
DA:4,0
DA:11,0
DA:12,0
DA:13,0
DA:14,0
DA:16,0
DA:21,0
DA:28,0
DA:29,0
DA:30,0
DA:31,0
DA:33,0
DA:44,0
DA:54,0
DA:55,0
DA:56,0
DA:57,0
DA:59,0
LF:18
LH:0
BRF:0
BRH:0
end_of_record
TN:
SF:src\api\films.ts
FN:11,getFilmsList
FN:29,getFilmDescription
FN:48,getFilmCredentionals
FN:67,getGenres
FNF:4
FNH:1
FNDA:0,getFilmsList
FNDA:0,getFilmDescription
FNDA:0,getFilmCredentionals
FNDA:1,getGenres
DA:12,0
DA:19,0
DA:21,0
DA:22,0
DA:23,0
DA:25,0
DA:30,0
DA:38,0
DA:39,0
DA:40,0
DA:41,0
DA:42,0
DA:44,0
DA:49,0
DA:57,0
DA:58,0
DA:59,0
DA:60,0
DA:61,0
DA:63,0
DA:68,1
DA:75,1
DA:76,1
DA:77,1
DA:78,0
DA:79,0
DA:81,1
LF:27
LH:5
BRF:0
BRH:0
end_of_record
TN:
SF:src\api\search.ts
FN:3,getSearchFilms
FNF:1
FNH:0
FNDA:0,getSearchFilms
DA:4,0
DA:11,0
DA:12,0
DA:13,0
DA:14,0
DA:16,0
LF:6
LH:0
BRF:0
BRH:0
end_of_record
TN:
SF:src\api\token.ts
FNF:0
FNH:0
DA:2,1
LF:1
LH:1
BRF:0
BRH:0
end_of_record
TN:
SF:src\components\select-genres\SelectGenres.tsx
FN:10,SelectGenres
FN:15,(anonymous_1)
FN:19,handleOnChange
FNF:3
FNH:2
FNDA:1,SelectGenres
FNDA:1,(anonymous_1)
FNDA:0,handleOnChange
DA:11,1
DA:12,1
DA:13,1
DA:15,1
DA:16,1
DA:20,0
DA:23,1
LF:7
LH:6
BRF:0
BRH:0
end_of_record
TN:
SF:src\redux\store.ts
FN:15,(anonymous_0)
FN:21,(anonymous_1)
FNF:2
FNH:2
FNDA:1,(anonymous_0)
FNDA:1,(anonymous_1)
DA:8,1
DA:13,1
DA:15,1
DA:21,1
LF:4
LH:4
BRF:0
BRH:0
end_of_record
TN:
SF:src\redux\films\selectors.ts
FN:3,(anonymous_0)
FNF:1
FNH:1
FNDA:2,(anonymous_0)
DA:3,2
LF:1
LH:1
BRF:0
BRH:0
end_of_record
TN:
SF:src\redux\films\slice.ts
FN:29,(anonymous_0)
FN:30,(anonymous_1)
FN:34,(anonymous_2)
FN:37,(anonymous_3)
FN:40,(anonymous_4)
FNF:5
FNH:1
FNDA:1,(anonymous_0)
FNDA:0,(anonymous_1)
FNDA:0,(anonymous_2)
FNDA:0,(anonymous_3)
FNDA:0,(anonymous_4)
DA:17,1
DA:25,1
DA:30,1
DA:31,0
DA:32,0
DA:34,1
DA:35,0
DA:37,1
DA:38,0
DA:40,1
DA:41,0
DA:45,1
LF:12
LH:7
BRF:0
BRH:0
end_of_record
TN:
SF:src\redux\films\thunks.ts
FN:16,(anonymous_0)
FN:28,(anonymous_1)
FN:30,(anonymous_2)
FN:38,(anonymous_3)
FN:40,(anonymous_4)
FN:46,(anonymous_5)
FN:54,(anonymous_6)
FNF:7
FNH:1
FNDA:0,(anonymous_0)
FNDA:1,(anonymous_1)
FNDA:0,(anonymous_2)
FNDA:0,(anonymous_3)
FNDA:0,(anonymous_4)
FNDA:0,(anonymous_5)
FNDA:0,(anonymous_6)
DA:14,1
DA:17,0
DA:24,0
DA:28,1
DA:29,1
DA:30,1
DA:31,0
DA:33,0
DA:36,1
DA:39,0
DA:40,0
DA:44,1
DA:47,0
DA:48,0
DA:52,1
DA:55,0
DA:56,0
LF:17
LH:7
BRF:0
BRH:0
end_of_record
TN:
SF:src\redux\filters\selectors.ts
FN:3,(anonymous_0)
FNF:1
FNH:1
FNDA:2,(anonymous_0)
DA:3,2
LF:1
LH:1
BRF:0
BRH:0
end_of_record
TN:
SF:src\redux\filters\slice.ts
FN:15,(anonymous_0)
FN:18,(anonymous_1)
FN:22,(anonymous_2)
FN:25,(anonymous_3)
FN:28,(anonymous_4)
FN:31,(anonymous_5)
FNF:6
FNH:0
FNDA:0,(anonymous_0)
FNDA:0,(anonymous_1)
FNDA:0,(anonymous_2)
FNDA:0,(anonymous_3)
FNDA:0,(anonymous_4)
FNDA:0,(anonymous_5)
DA:3,2
DA:11,2
DA:16,0
DA:19,0
DA:20,0
DA:23,0
DA:26,0
DA:29,0
DA:32,0
DA:33,0
DA:34,0
DA:35,0
DA:36,0
DA:48,2
DA:49,2
LF:15
LH:4
BRF:0
BRH:0
end_of_record
TN:
SF:src\redux\user\slice.ts
FN:15,(anonymous_0)
FN:18,(anonymous_1)
FN:21,(anonymous_2)
FN:25,(anonymous_3)
FN:28,(anonymous_4)
FNF:5
FNH:0
FNDA:0,(anonymous_0)
FNDA:0,(anonymous_1)
FNDA:0,(anonymous_2)
FNDA:0,(anonymous_3)
FNDA:0,(anonymous_4)
DA:4,1
DA:11,1
DA:16,0
DA:19,0
DA:22,0
DA:23,0
DA:26,0
DA:29,0
DA:30,0
DA:31,0
DA:32,0
DA:33,0
DA:34,0
DA:39,1
LF:14
LH:3
BRDA:8,0,0,0
BRDA:8,0,1,1
BRF:2
BRH:1
end_of_record
TN:
SF:src\utils\changeFavourites.ts
FN:4,changeFavourites
FNF:1
FNH:0
FNDA:0,changeFavourites
DA:5,0
DA:6,0
DA:11,0
LF:3
LH:0
BRF:0
BRH:0
end_of_record
